The system is: Darwin - 18.0.0 - x86_64
Compiling the C compiler identification source file "CMakeCCompilerId.c" succeeded.
Compiler: /usr/local/bin/gcc-8 
Build flags: 
Id flags:  

The output was:
0


Compilation of the C compiler identification source "CMakeCCompilerId.c" produced "a.out"

The C compiler identification is GNU, found in "/Users/jingruili/OneDrive/ChessE/build/CMakeFiles/3.11.2/CompilerIdC/a.out"

Compiling the CXX compiler identification source file "CMakeCXXCompilerId.cpp" succeeded.
Compiler: /usr/local/bin/g++-8 
Build flags: 
Id flags:  

The output was:
0


Compilation of the CXX compiler identification source "CMakeCXXCompilerId.cpp" produced "a.out"

The CXX compiler identification is GNU, found in "/Users/jingruili/OneDrive/ChessE/build/CMakeFiles/3.11.2/CompilerIdCXX/a.out"

Determining if the C compiler works passed with the following output:
Change Dir: /Users/jingruili/OneDrive/ChessE/build/CMakeFiles/CMakeTmp

Run Build Command:"/usr/bin/make" "cmTC_0ab63/fast"
/Library/Developer/CommandLineTools/usr/bin/make -f CMakeFiles/cmTC_0ab63.dir/build.make CMakeFiles/cmTC_0ab63.dir/build
Building C object CMakeFiles/cmTC_0ab63.dir/testCCompiler.c.o
/usr/local/bin/gcc-8    -o CMakeFiles/cmTC_0ab63.dir/testCCompiler.c.o   -c /Users/jingruili/OneDrive/ChessE/build/CMakeFiles/CMakeTmp/testCCompiler.c
Linking C executable cmTC_0ab63
/usr/local/Cellar/cmake/3.11.2/bin/cmake -E cmake_link_script CMakeFiles/cmTC_0ab63.dir/link.txt --verbose=1
/usr/local/bin/gcc-8   -Wl,-search_paths_first -Wl,-headerpad_max_install_names   CMakeFiles/cmTC_0ab63.dir/testCCompiler.c.o  -o cmTC_0ab63 


Detecting C compiler ABI info compiled with the following output:
Change Dir: /Users/jingruili/OneDrive/ChessE/build/CMakeFiles/CMakeTmp

Run Build Command:"/usr/bin/make" "cmTC_83aab/fast"
/Library/Developer/CommandLineTools/usr/bin/make -f CMakeFiles/cmTC_83aab.dir/build.make CMakeFiles/cmTC_83aab.dir/build
Building C object CMakeFiles/cmTC_83aab.dir/CMakeCCompilerABI.c.o
/usr/local/bin/gcc-8    -o CMakeFiles/cmTC_83aab.dir/CMakeCCompilerABI.c.o   -c /usr/local/Cellar/cmake/3.11.2/share/cmake/Modules/CMakeCCompilerABI.c
Linking C executable cmTC_83aab
/usr/local/Cellar/cmake/3.11.2/bin/cmake -E cmake_link_script CMakeFiles/cmTC_83aab.dir/link.txt --verbose=1
/usr/local/bin/gcc-8   -Wl,-search_paths_first -Wl,-headerpad_max_install_names  -v -Wl,-v CMakeFiles/cmTC_83aab.dir/CMakeCCompilerABI.c.o  -o cmTC_83aab 
Using built-in specs.
COLLECT_GCC=/usr/local/bin/gcc-8
COLLECT_LTO_WRAPPER=/usr/local/Cellar/gcc/8.2.0/libexec/gcc/x86_64-apple-darwin18.0.0/8.2.0/lto-wrapper
Target: x86_64-apple-darwin18.0.0
Configured with: ../configure --build=x86_64-apple-darwin18.0.0 --prefix=/usr/local/Cellar/gcc/8.2.0 --libdir=/usr/local/Cellar/gcc/8.2.0/lib/gcc/8 --enable-languages=c,c++,objc,obj-c++,fortran --program-suffix=-8 --with-gmp=/usr/local/opt/gmp --with-mpfr=/usr/local/opt/mpfr --with-mpc=/usr/local/opt/libmpc --with-isl=/usr/local/opt/isl --with-system-zlib --enable-checking=release --with-pkgversion='Homebrew GCC 8.2.0' --with-bugurl=https://github.com/Homebrew/homebrew-core/issues --disable-nls --disable-multilib --with-native-system-header-dir=/usr/include --with-sysroot=/Library/Developer/CommandLineTools/SDKs/MacOSX.sdk
Thread model: posix
gcc version 8.2.0 (Homebrew GCC 8.2.0) 
COMPILER_PATH=/usr/local/Cellar/gcc/8.2.0/libexec/gcc/x86_64-apple-darwin18.0.0/8.2.0/:/usr/local/Cellar/gcc/8.2.0/libexec/gcc/x86_64-apple-darwin18.0.0/8.2.0/:/usr/local/Cellar/gcc/8.2.0/libexec/gcc/x86_64-apple-darwin18.0.0/:/usr/local/Cellar/gcc/8.2.0/lib/gcc/8/gcc/x86_64-apple-darwin18.0.0/8.2.0/:/usr/local/Cellar/gcc/8.2.0/lib/gcc/8/gcc/x86_64-apple-darwin18.0.0/
LIBRARY_PATH=/usr/local/Cellar/gcc/8.2.0/lib/gcc/8/gcc/x86_64-apple-darwin18.0.0/8.2.0/:/usr/local/Cellar/gcc/8.2.0/lib/gcc/8/gcc/x86_64-apple-darwin18.0.0/8.2.0/../../../
COLLECT_GCC_OPTIONS='-v' '-o' 'cmTC_83aab' '-mmacosx-version-min=10.14.0' '-asm_macosx_version_min=10.14' '-mtune=core2'
 /usr/local/Cellar/gcc/8.2.0/libexec/gcc/x86_64-apple-darwin18.0.0/8.2.0/collect2 -syslibroot /Library/Developer/CommandLineTools/SDKs/MacOSX.sdk/ -dynamic -arch x86_64 -macosx_version_min 10.14.0 -weak_reference_mismatches non-weak -o cmTC_83aab -L/usr/local/Cellar/gcc/8.2.0/lib/gcc/8/gcc/x86_64-apple-darwin18.0.0/8.2.0 -L/usr/local/Cellar/gcc/8.2.0/lib/gcc/8/gcc/x86_64-apple-darwin18.0.0/8.2.0/../../.. -search_paths_first -headerpad_max_install_names -v CMakeFiles/cmTC_83aab.dir/CMakeCCompilerABI.c.o -no_compact_unwind -lSystem -lgcc_ext.10.5 -lgcc -lSystem -v
collect2 version 8.2.0
/usr/bin/ld -syslibroot /Library/Developer/CommandLineTools/SDKs/MacOSX.sdk/ -dynamic -arch x86_64 -macosx_version_min 10.14.0 -weak_reference_mismatches non-weak -o cmTC_83aab -L/usr/local/Cellar/gcc/8.2.0/lib/gcc/8/gcc/x86_64-apple-darwin18.0.0/8.2.0 -L/usr/local/Cellar/gcc/8.2.0/lib/gcc/8/gcc/x86_64-apple-darwin18.0.0/8.2.0/../../.. -search_paths_first -headerpad_max_install_names -v CMakeFiles/cmTC_83aab.dir/CMakeCCompilerABI.c.o -no_compact_unwind -lSystem -lgcc_ext.10.5 -lgcc -lSystem -v
@(#)PROGRAM:ld  PROJECT:ld64-409.12
BUILD 02:04:28 Aug 14 2018
configured to support archs: armv6 armv7 armv7s arm64 i386 x86_64 x86_64h armv6m armv7k armv7m armv7em
@(#)PROGRAM:ld  PROJECT:ld64-409.12
BUILD 02:04:28 Aug 14 2018
configured to support archs: armv6 armv7 armv7s arm64 i386 x86_64 x86_64h armv6m armv7k armv7m armv7em
Library search paths:
	/usr/local/Cellar/gcc/8.2.0/lib/gcc/8/gcc/x86_64-apple-darwin18.0.0/8.2.0
	/usr/local/Cellar/gcc/8.2.0/lib/gcc/8
	/Library/Developer/CommandLineTools/SDKs/MacOSX.sdk/usr/lib
Framework search paths:
	/Library/Developer/CommandLineTools/SDKs/MacOSX.sdk/System/Library/Frameworks/
 /usr/bin/nm -n CMakeFiles/cmTC_83aab.dir/CMakeCCompilerABI.c.o


Parsed C implicit link information from above output:
  link line regex: [^( *|.*[/\])(ld|CMAKE_LINK_STARTFILE-NOTFOUND|([^/\]+-)?ld|collect2)[^/\]*( |$)]
  ignore line: [Change Dir: /Users/jingruili/OneDrive/ChessE/build/CMakeFiles/CMakeTmp]
  ignore line: []
  ignore line: [Run Build Command:"/usr/bin/make" "cmTC_83aab/fast"]
  ignore line: [/Library/Developer/CommandLineTools/usr/bin/make -f CMakeFiles/cmTC_83aab.dir/build.make CMakeFiles/cmTC_83aab.dir/build]
  ignore line: [Building C object CMakeFiles/cmTC_83aab.dir/CMakeCCompilerABI.c.o]
  ignore line: [/usr/local/bin/gcc-8    -o CMakeFiles/cmTC_83aab.dir/CMakeCCompilerABI.c.o   -c /usr/local/Cellar/cmake/3.11.2/share/cmake/Modules/CMakeCCompilerABI.c]
  ignore line: [Linking C executable cmTC_83aab]
  ignore line: [/usr/local/Cellar/cmake/3.11.2/bin/cmake -E cmake_link_script CMakeFiles/cmTC_83aab.dir/link.txt --verbose=1]
  ignore line: [/usr/local/bin/gcc-8   -Wl,-search_paths_first -Wl,-headerpad_max_install_names  -v -Wl,-v CMakeFiles/cmTC_83aab.dir/CMakeCCompilerABI.c.o  -o cmTC_83aab ]
  ignore line: [Using built-in specs.]
  ignore line: [COLLECT_GCC=/usr/local/bin/gcc-8]
  ignore line: [COLLECT_LTO_WRAPPER=/usr/local/Cellar/gcc/8.2.0/libexec/gcc/x86_64-apple-darwin18.0.0/8.2.0/lto-wrapper]
  ignore line: [Target: x86_64-apple-darwin18.0.0]
  ignore line: [Configured with: ../configure --build=x86_64-apple-darwin18.0.0 --prefix=/usr/local/Cellar/gcc/8.2.0 --libdir=/usr/local/Cellar/gcc/8.2.0/lib/gcc/8 --enable-languages=c,c++,objc,obj-c++,fortran --program-suffix=-8 --with-gmp=/usr/local/opt/gmp --with-mpfr=/usr/local/opt/mpfr --with-mpc=/usr/local/opt/libmpc --with-isl=/usr/local/opt/isl --with-system-zlib --enable-checking=release --with-pkgversion='Homebrew GCC 8.2.0' --with-bugurl=https://github.com/Homebrew/homebrew-core/issues --disable-nls --disable-multilib --with-native-system-header-dir=/usr/include --with-sysroot=/Library/Developer/CommandLineTools/SDKs/MacOSX.sdk]
  ignore line: [Thread model: posix]
  ignore line: [gcc version 8.2.0 (Homebrew GCC 8.2.0) ]
  ignore line: [COMPILER_PATH=/usr/local/Cellar/gcc/8.2.0/libexec/gcc/x86_64-apple-darwin18.0.0/8.2.0/:/usr/local/Cellar/gcc/8.2.0/libexec/gcc/x86_64-apple-darwin18.0.0/8.2.0/:/usr/local/Cellar/gcc/8.2.0/libexec/gcc/x86_64-apple-darwin18.0.0/:/usr/local/Cellar/gcc/8.2.0/lib/gcc/8/gcc/x86_64-apple-darwin18.0.0/8.2.0/:/usr/local/Cellar/gcc/8.2.0/lib/gcc/8/gcc/x86_64-apple-darwin18.0.0/]
  ignore line: [LIBRARY_PATH=/usr/local/Cellar/gcc/8.2.0/lib/gcc/8/gcc/x86_64-apple-darwin18.0.0/8.2.0/:/usr/local/Cellar/gcc/8.2.0/lib/gcc/8/gcc/x86_64-apple-darwin18.0.0/8.2.0/../../../]
  ignore line: [COLLECT_GCC_OPTIONS='-v' '-o' 'cmTC_83aab' '-mmacosx-version-min=10.14.0' '-asm_macosx_version_min=10.14' '-mtune=core2']
  link line: [ /usr/local/Cellar/gcc/8.2.0/libexec/gcc/x86_64-apple-darwin18.0.0/8.2.0/collect2 -syslibroot /Library/Developer/CommandLineTools/SDKs/MacOSX.sdk/ -dynamic -arch x86_64 -macosx_version_min 10.14.0 -weak_reference_mismatches non-weak -o cmTC_83aab -L/usr/local/Cellar/gcc/8.2.0/lib/gcc/8/gcc/x86_64-apple-darwin18.0.0/8.2.0 -L/usr/local/Cellar/gcc/8.2.0/lib/gcc/8/gcc/x86_64-apple-darwin18.0.0/8.2.0/../../.. -search_paths_first -headerpad_max_install_names -v CMakeFiles/cmTC_83aab.dir/CMakeCCompilerABI.c.o -no_compact_unwind -lSystem -lgcc_ext.10.5 -lgcc -lSystem -v]
    arg [/usr/local/Cellar/gcc/8.2.0/libexec/gcc/x86_64-apple-darwin18.0.0/8.2.0/collect2] ==> ignore
    arg [-syslibroot] ==> ignore
    arg [/Library/Developer/CommandLineTools/SDKs/MacOSX.sdk/] ==> ignore
    arg [-dynamic] ==> ignore
    arg [-arch] ==> ignore
    arg [x86_64] ==> ignore
    arg [-macosx_version_min] ==> ignore
    arg [10.14.0] ==> ignore
    arg [-weak_reference_mismatches] ==> ignore
    arg [non-weak] ==> ignore
    arg [-o] ==> ignore
    arg [cmTC_83aab] ==> ignore
    arg [-L/usr/local/Cellar/gcc/8.2.0/lib/gcc/8/gcc/x86_64-apple-darwin18.0.0/8.2.0] ==> dir [/usr/local/Cellar/gcc/8.2.0/lib/gcc/8/gcc/x86_64-apple-darwin18.0.0/8.2.0]
    arg [-L/usr/local/Cellar/gcc/8.2.0/lib/gcc/8/gcc/x86_64-apple-darwin18.0.0/8.2.0/../../..] ==> dir [/usr/local/Cellar/gcc/8.2.0/lib/gcc/8/gcc/x86_64-apple-darwin18.0.0/8.2.0/../../..]
    arg [-search_paths_first] ==> ignore
    arg [-headerpad_max_install_names] ==> ignore
    arg [-v] ==> ignore
    arg [CMakeFiles/cmTC_83aab.dir/CMakeCCompilerABI.c.o] ==> ignore
    arg [-no_compact_unwind] ==> ignore
    arg [-lSystem] ==> lib [System]
    arg [-lgcc_ext.10.5] ==> lib [gcc_ext.10.5]
    arg [-lgcc] ==> lib [gcc]
    arg [-lSystem] ==> lib [System]
    arg [-v] ==> ignore
  Library search paths: [;/usr/local/Cellar/gcc/8.2.0/lib/gcc/8/gcc/x86_64-apple-darwin18.0.0/8.2.0;/usr/local/Cellar/gcc/8.2.0/lib/gcc/8;/Library/Developer/CommandLineTools/SDKs/MacOSX.sdk/usr/lib]
  Framework search paths: [;/Library/Developer/CommandLineTools/SDKs/MacOSX.sdk/System/Library/Frameworks/]
  remove lib [System]
  remove lib [System]
  collapse library dir [/usr/local/Cellar/gcc/8.2.0/lib/gcc/8/gcc/x86_64-apple-darwin18.0.0/8.2.0] ==> [/usr/local/Cellar/gcc/8.2.0/lib/gcc/8/gcc/x86_64-apple-darwin18.0.0/8.2.0]
  collapse library dir [/usr/local/Cellar/gcc/8.2.0/lib/gcc/8/gcc/x86_64-apple-darwin18.0.0/8.2.0/../../..] ==> [/usr/local/Cellar/gcc/8.2.0/lib/gcc/8]
  collapse library dir [/usr/local/Cellar/gcc/8.2.0/lib/gcc/8/gcc/x86_64-apple-darwin18.0.0/8.2.0] ==> [/usr/local/Cellar/gcc/8.2.0/lib/gcc/8/gcc/x86_64-apple-darwin18.0.0/8.2.0]
  collapse library dir [/usr/local/Cellar/gcc/8.2.0/lib/gcc/8] ==> [/usr/local/Cellar/gcc/8.2.0/lib/gcc/8]
  collapse library dir [/Library/Developer/CommandLineTools/SDKs/MacOSX.sdk/usr/lib] ==> [/Library/Developer/CommandLineTools/SDKs/MacOSX.sdk/usr/lib]
  collapse framework dir [/Library/Developer/CommandLineTools/SDKs/MacOSX.sdk/System/Library/Frameworks/] ==> [/Library/Developer/CommandLineTools/SDKs/MacOSX.sdk/System/Library/Frameworks]
  implicit libs: [gcc_ext.10.5;gcc]
  implicit dirs: [/usr/local/Cellar/gcc/8.2.0/lib/gcc/8/gcc/x86_64-apple-darwin18.0.0/8.2.0;/usr/local/Cellar/gcc/8.2.0/lib/gcc/8;/Library/Developer/CommandLineTools/SDKs/MacOSX.sdk/usr/lib]
  implicit fwks: [/Library/Developer/CommandLineTools/SDKs/MacOSX.sdk/System/Library/Frameworks]




Detecting C [-std=c11] compiler features compiled with the following output:
Change Dir: /Users/jingruili/OneDrive/ChessE/build/CMakeFiles/CMakeTmp

Run Build Command:"/usr/bin/make" "cmTC_99599/fast"
/Library/Developer/CommandLineTools/usr/bin/make -f CMakeFiles/cmTC_99599.dir/build.make CMakeFiles/cmTC_99599.dir/build
Building C object CMakeFiles/cmTC_99599.dir/feature_tests.c.o
/usr/local/bin/gcc-8   -std=c11 -o CMakeFiles/cmTC_99599.dir/feature_tests.c.o   -c /Users/jingruili/OneDrive/ChessE/build/CMakeFiles/feature_tests.c
Linking C executable cmTC_99599
/usr/local/Cellar/cmake/3.11.2/bin/cmake -E cmake_link_script CMakeFiles/cmTC_99599.dir/link.txt --verbose=1
/usr/local/bin/gcc-8   -Wl,-search_paths_first -Wl,-headerpad_max_install_names   CMakeFiles/cmTC_99599.dir/feature_tests.c.o  -o cmTC_99599 


    Feature record: C_FEATURE:1c_function_prototypes
    Feature record: C_FEATURE:1c_restrict
    Feature record: C_FEATURE:1c_static_assert
    Feature record: C_FEATURE:1c_variadic_macros


Detecting C [-std=c99] compiler features compiled with the following output:
Change Dir: /Users/jingruili/OneDrive/ChessE/build/CMakeFiles/CMakeTmp

Run Build Command:"/usr/bin/make" "cmTC_1ea0c/fast"
/Library/Developer/CommandLineTools/usr/bin/make -f CMakeFiles/cmTC_1ea0c.dir/build.make CMakeFiles/cmTC_1ea0c.dir/build
Building C object CMakeFiles/cmTC_1ea0c.dir/feature_tests.c.o
/usr/local/bin/gcc-8   -std=c99 -o CMakeFiles/cmTC_1ea0c.dir/feature_tests.c.o   -c /Users/jingruili/OneDrive/ChessE/build/CMakeFiles/feature_tests.c
Linking C executable cmTC_1ea0c
/usr/local/Cellar/cmake/3.11.2/bin/cmake -E cmake_link_script CMakeFiles/cmTC_1ea0c.dir/link.txt --verbose=1
/usr/local/bin/gcc-8   -Wl,-search_paths_first -Wl,-headerpad_max_install_names   CMakeFiles/cmTC_1ea0c.dir/feature_tests.c.o  -o cmTC_1ea0c 


    Feature record: C_FEATURE:1c_function_prototypes
    Feature record: C_FEATURE:1c_restrict
    Feature record: C_FEATURE:0c_static_assert
    Feature record: C_FEATURE:1c_variadic_macros


Detecting C [-std=c90] compiler features compiled with the following output:
Change Dir: /Users/jingruili/OneDrive/ChessE/build/CMakeFiles/CMakeTmp

Run Build Command:"/usr/bin/make" "cmTC_276f5/fast"
/Library/Developer/CommandLineTools/usr/bin/make -f CMakeFiles/cmTC_276f5.dir/build.make CMakeFiles/cmTC_276f5.dir/build
Building C object CMakeFiles/cmTC_276f5.dir/feature_tests.c.o
/usr/local/bin/gcc-8   -std=c90 -o CMakeFiles/cmTC_276f5.dir/feature_tests.c.o   -c /Users/jingruili/OneDrive/ChessE/build/CMakeFiles/feature_tests.c
Linking C executable cmTC_276f5
/usr/local/Cellar/cmake/3.11.2/bin/cmake -E cmake_link_script CMakeFiles/cmTC_276f5.dir/link.txt --verbose=1
/usr/local/bin/gcc-8   -Wl,-search_paths_first -Wl,-headerpad_max_install_names   CMakeFiles/cmTC_276f5.dir/feature_tests.c.o  -o cmTC_276f5 


    Feature record: C_FEATURE:1c_function_prototypes
    Feature record: C_FEATURE:0c_restrict
    Feature record: C_FEATURE:0c_static_assert
    Feature record: C_FEATURE:0c_variadic_macros
Determining if the CXX compiler works passed with the following output:
Change Dir: /Users/jingruili/OneDrive/ChessE/build/CMakeFiles/CMakeTmp

Run Build Command:"/usr/bin/make" "cmTC_e101b/fast"
/Library/Developer/CommandLineTools/usr/bin/make -f CMakeFiles/cmTC_e101b.dir/build.make CMakeFiles/cmTC_e101b.dir/build
Building CXX object CMakeFiles/cmTC_e101b.dir/testCXXCompiler.cxx.o
/usr/local/bin/g++-8     -o CMakeFiles/cmTC_e101b.dir/testCXXCompiler.cxx.o -c /Users/jingruili/OneDrive/ChessE/build/CMakeFiles/CMakeTmp/testCXXCompiler.cxx
Linking CXX executable cmTC_e101b
/usr/local/Cellar/cmake/3.11.2/bin/cmake -E cmake_link_script CMakeFiles/cmTC_e101b.dir/link.txt --verbose=1
/usr/local/bin/g++-8    -Wl,-search_paths_first -Wl,-headerpad_max_install_names   CMakeFiles/cmTC_e101b.dir/testCXXCompiler.cxx.o  -o cmTC_e101b 


Detecting CXX compiler ABI info compiled with the following output:
Change Dir: /Users/jingruili/OneDrive/ChessE/build/CMakeFiles/CMakeTmp

Run Build Command:"/usr/bin/make" "cmTC_82cd0/fast"
/Library/Developer/CommandLineTools/usr/bin/make -f CMakeFiles/cmTC_82cd0.dir/build.make CMakeFiles/cmTC_82cd0.dir/build
Building CXX object CMakeFiles/cmTC_82cd0.dir/CMakeCXXCompilerABI.cpp.o
/usr/local/bin/g++-8     -o CMakeFiles/cmTC_82cd0.dir/CMakeCXXCompilerABI.cpp.o -c /usr/local/Cellar/cmake/3.11.2/share/cmake/Modules/CMakeCXXCompilerABI.cpp
Linking CXX executable cmTC_82cd0
/usr/local/Cellar/cmake/3.11.2/bin/cmake -E cmake_link_script CMakeFiles/cmTC_82cd0.dir/link.txt --verbose=1
/usr/local/bin/g++-8    -Wl,-search_paths_first -Wl,-headerpad_max_install_names  -v -Wl,-v CMakeFiles/cmTC_82cd0.dir/CMakeCXXCompilerABI.cpp.o  -o cmTC_82cd0 
Using built-in specs.
COLLECT_GCC=/usr/local/bin/g++-8
COLLECT_LTO_WRAPPER=/usr/local/Cellar/gcc/8.2.0/libexec/gcc/x86_64-apple-darwin18.0.0/8.2.0/lto-wrapper
Target: x86_64-apple-darwin18.0.0
Configured with: ../configure --build=x86_64-apple-darwin18.0.0 --prefix=/usr/local/Cellar/gcc/8.2.0 --libdir=/usr/local/Cellar/gcc/8.2.0/lib/gcc/8 --enable-languages=c,c++,objc,obj-c++,fortran --program-suffix=-8 --with-gmp=/usr/local/opt/gmp --with-mpfr=/usr/local/opt/mpfr --with-mpc=/usr/local/opt/libmpc --with-isl=/usr/local/opt/isl --with-system-zlib --enable-checking=release --with-pkgversion='Homebrew GCC 8.2.0' --with-bugurl=https://github.com/Homebrew/homebrew-core/issues --disable-nls --disable-multilib --with-native-system-header-dir=/usr/include --with-sysroot=/Library/Developer/CommandLineTools/SDKs/MacOSX.sdk
Thread model: posix
gcc version 8.2.0 (Homebrew GCC 8.2.0) 
COMPILER_PATH=/usr/local/Cellar/gcc/8.2.0/libexec/gcc/x86_64-apple-darwin18.0.0/8.2.0/:/usr/local/Cellar/gcc/8.2.0/libexec/gcc/x86_64-apple-darwin18.0.0/8.2.0/:/usr/local/Cellar/gcc/8.2.0/libexec/gcc/x86_64-apple-darwin18.0.0/:/usr/local/Cellar/gcc/8.2.0/lib/gcc/8/gcc/x86_64-apple-darwin18.0.0/8.2.0/:/usr/local/Cellar/gcc/8.2.0/lib/gcc/8/gcc/x86_64-apple-darwin18.0.0/
LIBRARY_PATH=/usr/local/Cellar/gcc/8.2.0/lib/gcc/8/gcc/x86_64-apple-darwin18.0.0/8.2.0/:/usr/local/Cellar/gcc/8.2.0/lib/gcc/8/gcc/x86_64-apple-darwin18.0.0/8.2.0/../../../
COLLECT_GCC_OPTIONS='-v' '-o' 'cmTC_82cd0' '-mmacosx-version-min=10.14.0' '-asm_macosx_version_min=10.14' '-shared-libgcc' '-mtune=core2'
 /usr/local/Cellar/gcc/8.2.0/libexec/gcc/x86_64-apple-darwin18.0.0/8.2.0/collect2 -syslibroot /Library/Developer/CommandLineTools/SDKs/MacOSX.sdk/ -dynamic -arch x86_64 -macosx_version_min 10.14.0 -weak_reference_mismatches non-weak -o cmTC_82cd0 -L/usr/local/Cellar/gcc/8.2.0/lib/gcc/8/gcc/x86_64-apple-darwin18.0.0/8.2.0 -L/usr/local/Cellar/gcc/8.2.0/lib/gcc/8/gcc/x86_64-apple-darwin18.0.0/8.2.0/../../.. -search_paths_first -headerpad_max_install_names -v CMakeFiles/cmTC_82cd0.dir/CMakeCXXCompilerABI.cpp.o -lstdc++ -no_compact_unwind -lSystem -lgcc_ext.10.5 -lgcc -lSystem -v
collect2 version 8.2.0
/usr/bin/ld -syslibroot /Library/Developer/CommandLineTools/SDKs/MacOSX.sdk/ -dynamic -arch x86_64 -macosx_version_min 10.14.0 -weak_reference_mismatches non-weak -o cmTC_82cd0 -L/usr/local/Cellar/gcc/8.2.0/lib/gcc/8/gcc/x86_64-apple-darwin18.0.0/8.2.0 -L/usr/local/Cellar/gcc/8.2.0/lib/gcc/8/gcc/x86_64-apple-darwin18.0.0/8.2.0/../../.. -search_paths_first -headerpad_max_install_names -v CMakeFiles/cmTC_82cd0.dir/CMakeCXXCompilerABI.cpp.o -lstdc++ -no_compact_unwind -lSystem -lgcc_ext.10.5 -lgcc -lSystem -v
@(#)PROGRAM:ld  PROJECT:ld64-409.12
BUILD 02:04:28 Aug 14 2018
configured to support archs: armv6 armv7 armv7s arm64 i386 x86_64 x86_64h armv6m armv7k armv7m armv7em
@(#)PROGRAM:ld  PROJECT:ld64-409.12
BUILD 02:04:28 Aug 14 2018
configured to support archs: armv6 armv7 armv7s arm64 i386 x86_64 x86_64h armv6m armv7k armv7m armv7em
Library search paths:
	/usr/local/Cellar/gcc/8.2.0/lib/gcc/8/gcc/x86_64-apple-darwin18.0.0/8.2.0
	/usr/local/Cellar/gcc/8.2.0/lib/gcc/8
	/Library/Developer/CommandLineTools/SDKs/MacOSX.sdk/usr/lib
Framework search paths:
	/Library/Developer/CommandLineTools/SDKs/MacOSX.sdk/System/Library/Frameworks/
 /usr/bin/nm -n CMakeFiles/cmTC_82cd0.dir/CMakeCXXCompilerABI.cpp.o


Parsed CXX implicit link information from above output:
  link line regex: [^( *|.*[/\])(ld|CMAKE_LINK_STARTFILE-NOTFOUND|([^/\]+-)?ld|collect2)[^/\]*( |$)]
  ignore line: [Change Dir: /Users/jingruili/OneDrive/ChessE/build/CMakeFiles/CMakeTmp]
  ignore line: []
  ignore line: [Run Build Command:"/usr/bin/make" "cmTC_82cd0/fast"]
  ignore line: [/Library/Developer/CommandLineTools/usr/bin/make -f CMakeFiles/cmTC_82cd0.dir/build.make CMakeFiles/cmTC_82cd0.dir/build]
  ignore line: [Building CXX object CMakeFiles/cmTC_82cd0.dir/CMakeCXXCompilerABI.cpp.o]
  ignore line: [/usr/local/bin/g++-8     -o CMakeFiles/cmTC_82cd0.dir/CMakeCXXCompilerABI.cpp.o -c /usr/local/Cellar/cmake/3.11.2/share/cmake/Modules/CMakeCXXCompilerABI.cpp]
  ignore line: [Linking CXX executable cmTC_82cd0]
  ignore line: [/usr/local/Cellar/cmake/3.11.2/bin/cmake -E cmake_link_script CMakeFiles/cmTC_82cd0.dir/link.txt --verbose=1]
  ignore line: [/usr/local/bin/g++-8    -Wl,-search_paths_first -Wl,-headerpad_max_install_names  -v -Wl,-v CMakeFiles/cmTC_82cd0.dir/CMakeCXXCompilerABI.cpp.o  -o cmTC_82cd0 ]
  ignore line: [Using built-in specs.]
  ignore line: [COLLECT_GCC=/usr/local/bin/g++-8]
  ignore line: [COLLECT_LTO_WRAPPER=/usr/local/Cellar/gcc/8.2.0/libexec/gcc/x86_64-apple-darwin18.0.0/8.2.0/lto-wrapper]
  ignore line: [Target: x86_64-apple-darwin18.0.0]
  ignore line: [Configured with: ../configure --build=x86_64-apple-darwin18.0.0 --prefix=/usr/local/Cellar/gcc/8.2.0 --libdir=/usr/local/Cellar/gcc/8.2.0/lib/gcc/8 --enable-languages=c,c++,objc,obj-c++,fortran --program-suffix=-8 --with-gmp=/usr/local/opt/gmp --with-mpfr=/usr/local/opt/mpfr --with-mpc=/usr/local/opt/libmpc --with-isl=/usr/local/opt/isl --with-system-zlib --enable-checking=release --with-pkgversion='Homebrew GCC 8.2.0' --with-bugurl=https://github.com/Homebrew/homebrew-core/issues --disable-nls --disable-multilib --with-native-system-header-dir=/usr/include --with-sysroot=/Library/Developer/CommandLineTools/SDKs/MacOSX.sdk]
  ignore line: [Thread model: posix]
  ignore line: [gcc version 8.2.0 (Homebrew GCC 8.2.0) ]
  ignore line: [COMPILER_PATH=/usr/local/Cellar/gcc/8.2.0/libexec/gcc/x86_64-apple-darwin18.0.0/8.2.0/:/usr/local/Cellar/gcc/8.2.0/libexec/gcc/x86_64-apple-darwin18.0.0/8.2.0/:/usr/local/Cellar/gcc/8.2.0/libexec/gcc/x86_64-apple-darwin18.0.0/:/usr/local/Cellar/gcc/8.2.0/lib/gcc/8/gcc/x86_64-apple-darwin18.0.0/8.2.0/:/usr/local/Cellar/gcc/8.2.0/lib/gcc/8/gcc/x86_64-apple-darwin18.0.0/]
  ignore line: [LIBRARY_PATH=/usr/local/Cellar/gcc/8.2.0/lib/gcc/8/gcc/x86_64-apple-darwin18.0.0/8.2.0/:/usr/local/Cellar/gcc/8.2.0/lib/gcc/8/gcc/x86_64-apple-darwin18.0.0/8.2.0/../../../]
  ignore line: [COLLECT_GCC_OPTIONS='-v' '-o' 'cmTC_82cd0' '-mmacosx-version-min=10.14.0' '-asm_macosx_version_min=10.14' '-shared-libgcc' '-mtune=core2']
  link line: [ /usr/local/Cellar/gcc/8.2.0/libexec/gcc/x86_64-apple-darwin18.0.0/8.2.0/collect2 -syslibroot /Library/Developer/CommandLineTools/SDKs/MacOSX.sdk/ -dynamic -arch x86_64 -macosx_version_min 10.14.0 -weak_reference_mismatches non-weak -o cmTC_82cd0 -L/usr/local/Cellar/gcc/8.2.0/lib/gcc/8/gcc/x86_64-apple-darwin18.0.0/8.2.0 -L/usr/local/Cellar/gcc/8.2.0/lib/gcc/8/gcc/x86_64-apple-darwin18.0.0/8.2.0/../../.. -search_paths_first -headerpad_max_install_names -v CMakeFiles/cmTC_82cd0.dir/CMakeCXXCompilerABI.cpp.o -lstdc++ -no_compact_unwind -lSystem -lgcc_ext.10.5 -lgcc -lSystem -v]
    arg [/usr/local/Cellar/gcc/8.2.0/libexec/gcc/x86_64-apple-darwin18.0.0/8.2.0/collect2] ==> ignore
    arg [-syslibroot] ==> ignore
    arg [/Library/Developer/CommandLineTools/SDKs/MacOSX.sdk/] ==> ignore
    arg [-dynamic] ==> ignore
    arg [-arch] ==> ignore
    arg [x86_64] ==> ignore
    arg [-macosx_version_min] ==> ignore
    arg [10.14.0] ==> ignore
    arg [-weak_reference_mismatches] ==> ignore
    arg [non-weak] ==> ignore
    arg [-o] ==> ignore
    arg [cmTC_82cd0] ==> ignore
    arg [-L/usr/local/Cellar/gcc/8.2.0/lib/gcc/8/gcc/x86_64-apple-darwin18.0.0/8.2.0] ==> dir [/usr/local/Cellar/gcc/8.2.0/lib/gcc/8/gcc/x86_64-apple-darwin18.0.0/8.2.0]
    arg [-L/usr/local/Cellar/gcc/8.2.0/lib/gcc/8/gcc/x86_64-apple-darwin18.0.0/8.2.0/../../..] ==> dir [/usr/local/Cellar/gcc/8.2.0/lib/gcc/8/gcc/x86_64-apple-darwin18.0.0/8.2.0/../../..]
    arg [-search_paths_first] ==> ignore
    arg [-headerpad_max_install_names] ==> ignore
    arg [-v] ==> ignore
    arg [CMakeFiles/cmTC_82cd0.dir/CMakeCXXCompilerABI.cpp.o] ==> ignore
    arg [-lstdc++] ==> lib [stdc++]
    arg [-no_compact_unwind] ==> ignore
    arg [-lSystem] ==> lib [System]
    arg [-lgcc_ext.10.5] ==> lib [gcc_ext.10.5]
    arg [-lgcc] ==> lib [gcc]
    arg [-lSystem] ==> lib [System]
    arg [-v] ==> ignore
  Library search paths: [;/usr/local/Cellar/gcc/8.2.0/lib/gcc/8/gcc/x86_64-apple-darwin18.0.0/8.2.0;/usr/local/Cellar/gcc/8.2.0/lib/gcc/8;/Library/Developer/CommandLineTools/SDKs/MacOSX.sdk/usr/lib]
  Framework search paths: [;/Library/Developer/CommandLineTools/SDKs/MacOSX.sdk/System/Library/Frameworks/]
  remove lib [System]
  remove lib [System]
  collapse library dir [/usr/local/Cellar/gcc/8.2.0/lib/gcc/8/gcc/x86_64-apple-darwin18.0.0/8.2.0] ==> [/usr/local/Cellar/gcc/8.2.0/lib/gcc/8/gcc/x86_64-apple-darwin18.0.0/8.2.0]
  collapse library dir [/usr/local/Cellar/gcc/8.2.0/lib/gcc/8/gcc/x86_64-apple-darwin18.0.0/8.2.0/../../..] ==> [/usr/local/Cellar/gcc/8.2.0/lib/gcc/8]
  collapse library dir [/usr/local/Cellar/gcc/8.2.0/lib/gcc/8/gcc/x86_64-apple-darwin18.0.0/8.2.0] ==> [/usr/local/Cellar/gcc/8.2.0/lib/gcc/8/gcc/x86_64-apple-darwin18.0.0/8.2.0]
  collapse library dir [/usr/local/Cellar/gcc/8.2.0/lib/gcc/8] ==> [/usr/local/Cellar/gcc/8.2.0/lib/gcc/8]
  collapse library dir [/Library/Developer/CommandLineTools/SDKs/MacOSX.sdk/usr/lib] ==> [/Library/Developer/CommandLineTools/SDKs/MacOSX.sdk/usr/lib]
  collapse framework dir [/Library/Developer/CommandLineTools/SDKs/MacOSX.sdk/System/Library/Frameworks/] ==> [/Library/Developer/CommandLineTools/SDKs/MacOSX.sdk/System/Library/Frameworks]
  implicit libs: [stdc++;gcc_ext.10.5;gcc]
  implicit dirs: [/usr/local/Cellar/gcc/8.2.0/lib/gcc/8/gcc/x86_64-apple-darwin18.0.0/8.2.0;/usr/local/Cellar/gcc/8.2.0/lib/gcc/8;/Library/Developer/CommandLineTools/SDKs/MacOSX.sdk/usr/lib]
  implicit fwks: [/Library/Developer/CommandLineTools/SDKs/MacOSX.sdk/System/Library/Frameworks]




Detecting CXX [-std=c++1z] compiler features compiled with the following output:
Change Dir: /Users/jingruili/OneDrive/ChessE/build/CMakeFiles/CMakeTmp

Run Build Command:"/usr/bin/make" "cmTC_2b39e/fast"
/Library/Developer/CommandLineTools/usr/bin/make -f CMakeFiles/cmTC_2b39e.dir/build.make CMakeFiles/cmTC_2b39e.dir/build
Building CXX object CMakeFiles/cmTC_2b39e.dir/feature_tests.cxx.o
/usr/local/bin/g++-8    -std=c++1z -o CMakeFiles/cmTC_2b39e.dir/feature_tests.cxx.o -c /Users/jingruili/OneDrive/ChessE/build/CMakeFiles/feature_tests.cxx
Linking CXX executable cmTC_2b39e
/usr/local/Cellar/cmake/3.11.2/bin/cmake -E cmake_link_script CMakeFiles/cmTC_2b39e.dir/link.txt --verbose=1
/usr/local/bin/g++-8    -Wl,-search_paths_first -Wl,-headerpad_max_install_names   CMakeFiles/cmTC_2b39e.dir/feature_tests.cxx.o  -o cmTC_2b39e 


    Feature record: CXX_FEATURE:1cxx_aggregate_default_initializers
    Feature record: CXX_FEATURE:1cxx_alias_templates
    Feature record: CXX_FEATURE:1cxx_alignas
    Feature record: CXX_FEATURE:1cxx_alignof
    Feature record: CXX_FEATURE:1cxx_attributes
    Feature record: CXX_FEATURE:1cxx_attribute_deprecated
    Feature record: CXX_FEATURE:1cxx_auto_type
    Feature record: CXX_FEATURE:1cxx_binary_literals
    Feature record: CXX_FEATURE:1cxx_constexpr
    Feature record: CXX_FEATURE:1cxx_contextual_conversions
    Feature record: CXX_FEATURE:1cxx_decltype
    Feature record: CXX_FEATURE:1cxx_decltype_auto
    Feature record: CXX_FEATURE:1cxx_decltype_incomplete_return_types
    Feature record: CXX_FEATURE:1cxx_default_function_template_args
    Feature record: CXX_FEATURE:1cxx_defaulted_functions
    Feature record: CXX_FEATURE:1cxx_defaulted_move_initializers
    Feature record: CXX_FEATURE:1cxx_delegating_constructors
    Feature record: CXX_FEATURE:1cxx_deleted_functions
    Feature record: CXX_FEATURE:1cxx_digit_separators
    Feature record: CXX_FEATURE:1cxx_enum_forward_declarations
    Feature record: CXX_FEATURE:1cxx_explicit_conversions
    Feature record: CXX_FEATURE:1cxx_extended_friend_declarations
    Feature record: CXX_FEATURE:1cxx_extern_templates
    Feature record: CXX_FEATURE:1cxx_final
    Feature record: CXX_FEATURE:1cxx_func_identifier
    Feature record: CXX_FEATURE:1cxx_generalized_initializers
    Feature record: CXX_FEATURE:1cxx_generic_lambdas
    Feature record: CXX_FEATURE:1cxx_inheriting_constructors
    Feature record: CXX_FEATURE:1cxx_inline_namespaces
    Feature record: CXX_FEATURE:1cxx_lambdas
    Feature record: CXX_FEATURE:1cxx_lambda_init_captures
    Feature record: CXX_FEATURE:1cxx_local_type_template_args
    Feature record: CXX_FEATURE:1cxx_long_long_type
    Feature record: CXX_FEATURE:1cxx_noexcept
    Feature record: CXX_FEATURE:1cxx_nonstatic_member_init
    Feature record: CXX_FEATURE:1cxx_nullptr
    Feature record: CXX_FEATURE:1cxx_override
    Feature record: CXX_FEATURE:1cxx_range_for
    Feature record: CXX_FEATURE:1cxx_raw_string_literals
    Feature record: CXX_FEATURE:1cxx_reference_qualified_functions
    Feature record: CXX_FEATURE:1cxx_relaxed_constexpr
    Feature record: CXX_FEATURE:1cxx_return_type_deduction
    Feature record: CXX_FEATURE:1cxx_right_angle_brackets
    Feature record: CXX_FEATURE:1cxx_rvalue_references
    Feature record: CXX_FEATURE:1cxx_sizeof_member
    Feature record: CXX_FEATURE:1cxx_static_assert
    Feature record: CXX_FEATURE:1cxx_strong_enums
    Feature record: CXX_FEATURE:1cxx_template_template_parameters
    Feature record: CXX_FEATURE:1cxx_thread_local
    Feature record: CXX_FEATURE:1cxx_trailing_return_types
    Feature record: CXX_FEATURE:1cxx_unicode_literals
    Feature record: CXX_FEATURE:1cxx_uniform_initialization
    Feature record: CXX_FEATURE:1cxx_unrestricted_unions
    Feature record: CXX_FEATURE:1cxx_user_literals
    Feature record: CXX_FEATURE:1cxx_variable_templates
    Feature record: CXX_FEATURE:1cxx_variadic_macros
    Feature record: CXX_FEATURE:1cxx_variadic_templates


Detecting CXX [-std=c++14] compiler features compiled with the following output:
Change Dir: /Users/jingruili/OneDrive/ChessE/build/CMakeFiles/CMakeTmp

Run Build Command:"/usr/bin/make" "cmTC_448f3/fast"
/Library/Developer/CommandLineTools/usr/bin/make -f CMakeFiles/cmTC_448f3.dir/build.make CMakeFiles/cmTC_448f3.dir/build
Building CXX object CMakeFiles/cmTC_448f3.dir/feature_tests.cxx.o
/usr/local/bin/g++-8    -std=c++14 -o CMakeFiles/cmTC_448f3.dir/feature_tests.cxx.o -c /Users/jingruili/OneDrive/ChessE/build/CMakeFiles/feature_tests.cxx
Linking CXX executable cmTC_448f3
/usr/local/Cellar/cmake/3.11.2/bin/cmake -E cmake_link_script CMakeFiles/cmTC_448f3.dir/link.txt --verbose=1
/usr/local/bin/g++-8    -Wl,-search_paths_first -Wl,-headerpad_max_install_names   CMakeFiles/cmTC_448f3.dir/feature_tests.cxx.o  -o cmTC_448f3 


    Feature record: CXX_FEATURE:1cxx_aggregate_default_initializers
    Feature record: CXX_FEATURE:1cxx_alias_templates
    Feature record: CXX_FEATURE:1cxx_alignas
    Feature record: CXX_FEATURE:1cxx_alignof
    Feature record: CXX_FEATURE:1cxx_attributes
    Feature record: CXX_FEATURE:1cxx_attribute_deprecated
    Feature record: CXX_FEATURE:1cxx_auto_type
    Feature record: CXX_FEATURE:1cxx_binary_literals
    Feature record: CXX_FEATURE:1cxx_constexpr
    Feature record: CXX_FEATURE:1cxx_contextual_conversions
    Feature record: CXX_FEATURE:1cxx_decltype
    Feature record: CXX_FEATURE:1cxx_decltype_auto
    Feature record: CXX_FEATURE:1cxx_decltype_incomplete_return_types
    Feature record: CXX_FEATURE:1cxx_default_function_template_args
    Feature record: CXX_FEATURE:1cxx_defaulted_functions
    Feature record: CXX_FEATURE:1cxx_defaulted_move_initializers
    Feature record: CXX_FEATURE:1cxx_delegating_constructors
    Feature record: CXX_FEATURE:1cxx_deleted_functions
    Feature record: CXX_FEATURE:1cxx_digit_separators
    Feature record: CXX_FEATURE:1cxx_enum_forward_declarations
    Feature record: CXX_FEATURE:1cxx_explicit_conversions
    Feature record: CXX_FEATURE:1cxx_extended_friend_declarations
    Feature record: CXX_FEATURE:1cxx_extern_templates
    Feature record: CXX_FEATURE:1cxx_final
    Feature record: CXX_FEATURE:1cxx_func_identifier
    Feature record: CXX_FEATURE:1cxx_generalized_initializers
    Feature record: CXX_FEATURE:1cxx_generic_lambdas
    Feature record: CXX_FEATURE:1cxx_inheriting_constructors
    Feature record: CXX_FEATURE:1cxx_inline_namespaces
    Feature record: CXX_FEATURE:1cxx_lambdas
    Feature record: CXX_FEATURE:1cxx_lambda_init_captures
    Feature record: CXX_FEATURE:1cxx_local_type_template_args
    Feature record: CXX_FEATURE:1cxx_long_long_type
    Feature record: CXX_FEATURE:1cxx_noexcept
    Feature record: CXX_FEATURE:1cxx_nonstatic_member_init
    Feature record: CXX_FEATURE:1cxx_nullptr
    Feature record: CXX_FEATURE:1cxx_override
    Feature record: CXX_FEATURE:1cxx_range_for
    Feature record: CXX_FEATURE:1cxx_raw_string_literals
    Feature record: CXX_FEATURE:1cxx_reference_qualified_functions
    Feature record: CXX_FEATURE:1cxx_relaxed_constexpr
    Feature record: CXX_FEATURE:1cxx_return_type_deduction
    Feature record: CXX_FEATURE:1cxx_right_angle_brackets
    Feature record: CXX_FEATURE:1cxx_rvalue_references
    Feature record: CXX_FEATURE:1cxx_sizeof_member
    Feature record: CXX_FEATURE:1cxx_static_assert
    Feature record: CXX_FEATURE:1cxx_strong_enums
    Feature record: CXX_FEATURE:1cxx_template_template_parameters
    Feature record: CXX_FEATURE:1cxx_thread_local
    Feature record: CXX_FEATURE:1cxx_trailing_return_types
    Feature record: CXX_FEATURE:1cxx_unicode_literals
    Feature record: CXX_FEATURE:1cxx_uniform_initialization
    Feature record: CXX_FEATURE:1cxx_unrestricted_unions
    Feature record: CXX_FEATURE:1cxx_user_literals
    Feature record: CXX_FEATURE:1cxx_variable_templates
    Feature record: CXX_FEATURE:1cxx_variadic_macros
    Feature record: CXX_FEATURE:1cxx_variadic_templates


Detecting CXX [-std=c++11] compiler features compiled with the following output:
Change Dir: /Users/jingruili/OneDrive/ChessE/build/CMakeFiles/CMakeTmp

Run Build Command:"/usr/bin/make" "cmTC_1548d/fast"
/Library/Developer/CommandLineTools/usr/bin/make -f CMakeFiles/cmTC_1548d.dir/build.make CMakeFiles/cmTC_1548d.dir/build
Building CXX object CMakeFiles/cmTC_1548d.dir/feature_tests.cxx.o
/usr/local/bin/g++-8    -std=c++11 -o CMakeFiles/cmTC_1548d.dir/feature_tests.cxx.o -c /Users/jingruili/OneDrive/ChessE/build/CMakeFiles/feature_tests.cxx
Linking CXX executable cmTC_1548d
/usr/local/Cellar/cmake/3.11.2/bin/cmake -E cmake_link_script CMakeFiles/cmTC_1548d.dir/link.txt --verbose=1
/usr/local/bin/g++-8    -Wl,-search_paths_first -Wl,-headerpad_max_install_names   CMakeFiles/cmTC_1548d.dir/feature_tests.cxx.o  -o cmTC_1548d 


    Feature record: CXX_FEATURE:0cxx_aggregate_default_initializers
    Feature record: CXX_FEATURE:1cxx_alias_templates
    Feature record: CXX_FEATURE:1cxx_alignas
    Feature record: CXX_FEATURE:1cxx_alignof
    Feature record: CXX_FEATURE:1cxx_attributes
    Feature record: CXX_FEATURE:0cxx_attribute_deprecated
    Feature record: CXX_FEATURE:1cxx_auto_type
    Feature record: CXX_FEATURE:0cxx_binary_literals
    Feature record: CXX_FEATURE:1cxx_constexpr
    Feature record: CXX_FEATURE:0cxx_contextual_conversions
    Feature record: CXX_FEATURE:1cxx_decltype
    Feature record: CXX_FEATURE:0cxx_decltype_auto
    Feature record: CXX_FEATURE:1cxx_decltype_incomplete_return_types
    Feature record: CXX_FEATURE:1cxx_default_function_template_args
    Feature record: CXX_FEATURE:1cxx_defaulted_functions
    Feature record: CXX_FEATURE:1cxx_defaulted_move_initializers
    Feature record: CXX_FEATURE:1cxx_delegating_constructors
    Feature record: CXX_FEATURE:1cxx_deleted_functions
    Feature record: CXX_FEATURE:0cxx_digit_separators
    Feature record: CXX_FEATURE:1cxx_enum_forward_declarations
    Feature record: CXX_FEATURE:1cxx_explicit_conversions
    Feature record: CXX_FEATURE:1cxx_extended_friend_declarations
    Feature record: CXX_FEATURE:1cxx_extern_templates
    Feature record: CXX_FEATURE:1cxx_final
    Feature record: CXX_FEATURE:1cxx_func_identifier
    Feature record: CXX_FEATURE:1cxx_generalized_initializers
    Feature record: CXX_FEATURE:0cxx_generic_lambdas
    Feature record: CXX_FEATURE:1cxx_inheriting_constructors
    Feature record: CXX_FEATURE:1cxx_inline_namespaces
    Feature record: CXX_FEATURE:1cxx_lambdas
    Feature record: CXX_FEATURE:0cxx_lambda_init_captures
    Feature record: CXX_FEATURE:1cxx_local_type_template_args
    Feature record: CXX_FEATURE:1cxx_long_long_type
    Feature record: CXX_FEATURE:1cxx_noexcept
    Feature record: CXX_FEATURE:1cxx_nonstatic_member_init
    Feature record: CXX_FEATURE:1cxx_nullptr
    Feature record: CXX_FEATURE:1cxx_override
    Feature record: CXX_FEATURE:1cxx_range_for
    Feature record: CXX_FEATURE:1cxx_raw_string_literals
    Feature record: CXX_FEATURE:1cxx_reference_qualified_functions
    Feature record: CXX_FEATURE:0cxx_relaxed_constexpr
    Feature record: CXX_FEATURE:0cxx_return_type_deduction
    Feature record: CXX_FEATURE:1cxx_right_angle_brackets
    Feature record: CXX_FEATURE:1cxx_rvalue_references
    Feature record: CXX_FEATURE:1cxx_sizeof_member
    Feature record: CXX_FEATURE:1cxx_static_assert
    Feature record: CXX_FEATURE:1cxx_strong_enums
    Feature record: CXX_FEATURE:1cxx_template_template_parameters
    Feature record: CXX_FEATURE:1cxx_thread_local
    Feature record: CXX_FEATURE:1cxx_trailing_return_types
    Feature record: CXX_FEATURE:1cxx_unicode_literals
    Feature record: CXX_FEATURE:1cxx_uniform_initialization
    Feature record: CXX_FEATURE:1cxx_unrestricted_unions
    Feature record: CXX_FEATURE:1cxx_user_literals
    Feature record: CXX_FEATURE:0cxx_variable_templates
    Feature record: CXX_FEATURE:1cxx_variadic_macros
    Feature record: CXX_FEATURE:1cxx_variadic_templates


Detecting CXX [-std=c++98] compiler features compiled with the following output:
Change Dir: /Users/jingruili/OneDrive/ChessE/build/CMakeFiles/CMakeTmp

Run Build Command:"/usr/bin/make" "cmTC_68d3f/fast"
/Library/Developer/CommandLineTools/usr/bin/make -f CMakeFiles/cmTC_68d3f.dir/build.make CMakeFiles/cmTC_68d3f.dir/build
Building CXX object CMakeFiles/cmTC_68d3f.dir/feature_tests.cxx.o
/usr/local/bin/g++-8    -std=c++98 -o CMakeFiles/cmTC_68d3f.dir/feature_tests.cxx.o -c /Users/jingruili/OneDrive/ChessE/build/CMakeFiles/feature_tests.cxx
Linking CXX executable cmTC_68d3f
/usr/local/Cellar/cmake/3.11.2/bin/cmake -E cmake_link_script CMakeFiles/cmTC_68d3f.dir/link.txt --verbose=1
/usr/local/bin/g++-8    -Wl,-search_paths_first -Wl,-headerpad_max_install_names   CMakeFiles/cmTC_68d3f.dir/feature_tests.cxx.o  -o cmTC_68d3f 


    Feature record: CXX_FEATURE:0cxx_aggregate_default_initializers
    Feature record: CXX_FEATURE:0cxx_alias_templates
    Feature record: CXX_FEATURE:0cxx_alignas
    Feature record: CXX_FEATURE:0cxx_alignof
    Feature record: CXX_FEATURE:0cxx_attributes
    Feature record: CXX_FEATURE:0cxx_attribute_deprecated
    Feature record: CXX_FEATURE:0cxx_auto_type
    Feature record: CXX_FEATURE:0cxx_binary_literals
    Feature record: CXX_FEATURE:0cxx_constexpr
    Feature record: CXX_FEATURE:0cxx_contextual_conversions
    Feature record: CXX_FEATURE:0cxx_decltype
    Feature record: CXX_FEATURE:0cxx_decltype_auto
    Feature record: CXX_FEATURE:0cxx_decltype_incomplete_return_types
    Feature record: CXX_FEATURE:0cxx_default_function_template_args
    Feature record: CXX_FEATURE:0cxx_defaulted_functions
    Feature record: CXX_FEATURE:0cxx_defaulted_move_initializers
    Feature record: CXX_FEATURE:0cxx_delegating_constructors
    Feature record: CXX_FEATURE:0cxx_deleted_functions
    Feature record: CXX_FEATURE:0cxx_digit_separators
    Feature record: CXX_FEATURE:0cxx_enum_forward_declarations
    Feature record: CXX_FEATURE:0cxx_explicit_conversions
    Feature record: CXX_FEATURE:0cxx_extended_friend_declarations
    Feature record: CXX_FEATURE:0cxx_extern_templates
    Feature record: CXX_FEATURE:0cxx_final
    Feature record: CXX_FEATURE:0cxx_func_identifier
    Feature record: CXX_FEATURE:0cxx_generalized_initializers
    Feature record: CXX_FEATURE:0cxx_generic_lambdas
    Feature record: CXX_FEATURE:0cxx_inheriting_constructors
    Feature record: CXX_FEATURE:0cxx_inline_namespaces
    Feature record: CXX_FEATURE:0cxx_lambdas
    Feature record: CXX_FEATURE:0cxx_lambda_init_captures
    Feature record: CXX_FEATURE:0cxx_local_type_template_args
    Feature record: CXX_FEATURE:0cxx_long_long_type
    Feature record: CXX_FEATURE:0cxx_noexcept
    Feature record: CXX_FEATURE:0cxx_nonstatic_member_init
    Feature record: CXX_FEATURE:0cxx_nullptr
    Feature record: CXX_FEATURE:0cxx_override
    Feature record: CXX_FEATURE:0cxx_range_for
    Feature record: CXX_FEATURE:0cxx_raw_string_literals
    Feature record: CXX_FEATURE:0cxx_reference_qualified_functions
    Feature record: CXX_FEATURE:0cxx_relaxed_constexpr
    Feature record: CXX_FEATURE:0cxx_return_type_deduction
    Feature record: CXX_FEATURE:0cxx_right_angle_brackets
    Feature record: CXX_FEATURE:0cxx_rvalue_references
    Feature record: CXX_FEATURE:0cxx_sizeof_member
    Feature record: CXX_FEATURE:0cxx_static_assert
    Feature record: CXX_FEATURE:0cxx_strong_enums
    Feature record: CXX_FEATURE:1cxx_template_template_parameters
    Feature record: CXX_FEATURE:0cxx_thread_local
    Feature record: CXX_FEATURE:0cxx_trailing_return_types
    Feature record: CXX_FEATURE:0cxx_unicode_literals
    Feature record: CXX_FEATURE:0cxx_uniform_initialization
    Feature record: CXX_FEATURE:0cxx_unrestricted_unions
    Feature record: CXX_FEATURE:0cxx_user_literals
    Feature record: CXX_FEATURE:0cxx_variable_templates
    Feature record: CXX_FEATURE:0cxx_variadic_macros
    Feature record: CXX_FEATURE:0cxx_variadic_templates
